Determining if the pthread_create exist failed with the following output:
Change Dir: /home/ari/development/gtest-1.7.0/CMakeFiles/CMakeTmp

Run Build Command:/usr/bin/make "cmTryCompileExec1319531678/fast"
/usr/bin/make -f CMakeFiles/cmTryCompileExec1319531678.dir/build.make CMakeFiles/cmTryCompileExec1319531678.dir/build
make[1]: Entering directory `/home/ari/development/gtest-1.7.0/CMakeFiles/CMakeTmp'
/usr/bin/cmake -E cmake_progress_report /home/ari/development/gtest-1.7.0/CMakeFiles/CMakeTmp/CMakeFiles 1
Building C object CMakeFiles/cmTryCompileExec1319531678.dir/CheckSymbolExists.c.o
/usr/bin/cc    -o CMakeFiles/cmTryCompileExec1319531678.dir/CheckSymbolExists.c.o   -c /home/ari/development/gtest-1.7.0/CMakeFiles/CMakeTmp/CheckSymbolExists.c
Linking C executable cmTryCompileExec1319531678
/usr/bin/cmake -E cmake_link_script CMakeFiles/cmTryCompileExec1319531678.dir/link.txt --verbose=1
/usr/bin/cc         CMakeFiles/cmTryCompileExec1319531678.dir/CheckSymbolExists.c.o  -o cmTryCompileExec1319531678 -rdynamic 
CMakeFiles/cmTryCompileExec1319531678.dir/CheckSymbolExists.c.o: In function `main':
CheckSymbolExists.c:(.text+0x16): undefined reference to `pthread_create'
collect2: error: ld returned 1 exit status
make[1]: *** [cmTryCompileExec1319531678] Error 1
make[1]: Leaving directory `/home/ari/development/gtest-1.7.0/CMakeFiles/CMakeTmp'
make: *** [cmTryCompileExec1319531678/fast] Error 2

File /home/ari/development/gtest-1.7.0/CMakeFiles/CMakeTmp/CheckSymbolExists.c:
/* */
#include <pthread.h>

int main(int argc, char** argv)
{
  (void)argv;
#ifndef pthread_create
  return ((int*)(&pthread_create))[argc];
#else
  (void)argc;
  return 0;
#endif
}

Determining if the function pthread_create exists in the pthreads failed with the following output:
Change Dir: /home/ari/development/gtest-1.7.0/CMakeFiles/CMakeTmp

Run Build Command:/usr/bin/make "cmTryCompileExec2768248538/fast"
/usr/bin/make -f CMakeFiles/cmTryCompileExec2768248538.dir/build.make CMakeFiles/cmTryCompileExec2768248538.dir/build
make[1]: Entering directory `/home/ari/development/gtest-1.7.0/CMakeFiles/CMakeTmp'
/usr/bin/cmake -E cmake_progress_report /home/ari/development/gtest-1.7.0/CMakeFiles/CMakeTmp/CMakeFiles 1
Building C object CMakeFiles/cmTryCompileExec2768248538.dir/CheckFunctionExists.c.o
/usr/bin/cc   -DCHECK_FUNCTION_EXISTS=pthread_create   -o CMakeFiles/cmTryCompileExec2768248538.dir/CheckFunctionExists.c.o   -c /usr/share/cmake-2.8/Modules/CheckFunctionExists.c
Linking C executable cmTryCompileExec2768248538
/usr/bin/cmake -E cmake_link_script CMakeFiles/cmTryCompileExec2768248538.dir/link.txt --verbose=1
/usr/bin/cc     -DCHECK_FUNCTION_EXISTS=pthread_create    CMakeFiles/cmTryCompileExec2768248538.dir/CheckFunctionExists.c.o  -o cmTryCompileExec2768248538 -rdynamic -lpthreads 
/usr/bin/ld: cannot find -lpthreads
collect2: error: ld returned 1 exit status
make[1]: *** [cmTryCompileExec2768248538] Error 1
make[1]: Leaving directory `/home/ari/development/gtest-1.7.0/CMakeFiles/CMakeTmp'
make: *** [cmTryCompileExec2768248538/fast] Error 2


Determining if the pthread_create exist failed with the following output:
Change Dir: /home/ari/development/ELEN2004/ELEN2004_project_2014/gtest-1.7.0/CMakeFiles/CMakeTmp

Run Build Command:/usr/bin/make "cmTryCompileExec1547754030/fast"
/usr/bin/make -f CMakeFiles/cmTryCompileExec1547754030.dir/build.make CMakeFiles/cmTryCompileExec1547754030.dir/build
make[1]: Entering directory `/home/ari/development/ELEN2004/ELEN2004_project_2014/gtest-1.7.0/CMakeFiles/CMakeTmp'
/usr/bin/cmake -E cmake_progress_report /home/ari/development/ELEN2004/ELEN2004_project_2014/gtest-1.7.0/CMakeFiles/CMakeTmp/CMakeFiles 1
Building C object CMakeFiles/cmTryCompileExec1547754030.dir/CheckSymbolExists.c.o
/usr/bin/cc    -o CMakeFiles/cmTryCompileExec1547754030.dir/CheckSymbolExists.c.o   -c /home/ari/development/ELEN2004/ELEN2004_project_2014/gtest-1.7.0/CMakeFiles/CMakeTmp/CheckSymbolExists.c
Linking C executable cmTryCompileExec1547754030
/usr/bin/cmake -E cmake_link_script CMakeFiles/cmTryCompileExec1547754030.dir/link.txt --verbose=1
/usr/bin/cc         CMakeFiles/cmTryCompileExec1547754030.dir/CheckSymbolExists.c.o  -o cmTryCompileExec1547754030 -rdynamic 
CMakeFiles/cmTryCompileExec1547754030.dir/CheckSymbolExists.c.o: In function `main':
CheckSymbolExists.c:(.text+0x16): undefined reference to `pthread_create'
collect2: error: ld returned 1 exit status
make[1]: *** [cmTryCompileExec1547754030] Error 1
make[1]: Leaving directory `/home/ari/development/ELEN2004/ELEN2004_project_2014/gtest-1.7.0/CMakeFiles/CMakeTmp'
make: *** [cmTryCompileExec1547754030/fast] Error 2

File /home/ari/development/ELEN2004/ELEN2004_project_2014/gtest-1.7.0/CMakeFiles/CMakeTmp/CheckSymbolExists.c:
/* */
#include <pthread.h>

int main(int argc, char** argv)
{
  (void)argv;
#ifndef pthread_create
  return ((int*)(&pthread_create))[argc];
#else
  (void)argc;
  return 0;
#endif
}

Determining if the function pthread_create exists in the pthreads failed with the following output:
Change Dir: /home/ari/development/ELEN2004/ELEN2004_project_2014/gtest-1.7.0/CMakeFiles/CMakeTmp

Run Build Command:/usr/bin/make "cmTryCompileExec1886258744/fast"
/usr/bin/make -f CMakeFiles/cmTryCompileExec1886258744.dir/build.make CMakeFiles/cmTryCompileExec1886258744.dir/build
make[1]: Entering directory `/home/ari/development/ELEN2004/ELEN2004_project_2014/gtest-1.7.0/CMakeFiles/CMakeTmp'
/usr/bin/cmake -E cmake_progress_report /home/ari/development/ELEN2004/ELEN2004_project_2014/gtest-1.7.0/CMakeFiles/CMakeTmp/CMakeFiles 1
Building C object CMakeFiles/cmTryCompileExec1886258744.dir/CheckFunctionExists.c.o
/usr/bin/cc   -DCHECK_FUNCTION_EXISTS=pthread_create   -o CMakeFiles/cmTryCompileExec1886258744.dir/CheckFunctionExists.c.o   -c /usr/share/cmake-2.8/Modules/CheckFunctionExists.c
Linking C executable cmTryCompileExec1886258744
/usr/bin/cmake -E cmake_link_script CMakeFiles/cmTryCompileExec1886258744.dir/link.txt --verbose=1
/usr/bin/cc     -DCHECK_FUNCTION_EXISTS=pthread_create    CMakeFiles/cmTryCompileExec1886258744.dir/CheckFunctionExists.c.o  -o cmTryCompileExec1886258744 -rdynamic -lpthreads 
/usr/bin/ld: cannot find -lpthreads
collect2: error: ld returned 1 exit status
make[1]: *** [cmTryCompileExec1886258744] Error 1
make[1]: Leaving directory `/home/ari/development/ELEN2004/ELEN2004_project_2014/gtest-1.7.0/CMakeFiles/CMakeTmp'
make: *** [cmTryCompileExec1886258744/fast] Error 2


Determining if the pthread_create exist failed with the following output:
Change Dir: /home/ari/development/ELEN2004/ELEN2004_project_2014/gtest-1.7.0/CMakeFiles/CMakeTmp

Run Build Command:/usr/bin/make "cmTryCompileExec2515206416/fast"
/usr/bin/make -f CMakeFiles/cmTryCompileExec2515206416.dir/build.make CMakeFiles/cmTryCompileExec2515206416.dir/build
make[1]: Entering directory `/home/ari/development/ELEN2004/ELEN2004_project_2014/gtest-1.7.0/CMakeFiles/CMakeTmp'
/usr/bin/cmake -E cmake_progress_report /home/ari/development/ELEN2004/ELEN2004_project_2014/gtest-1.7.0/CMakeFiles/CMakeTmp/CMakeFiles 1
Building C object CMakeFiles/cmTryCompileExec2515206416.dir/CheckSymbolExists.c.o
/usr/bin/cc    -o CMakeFiles/cmTryCompileExec2515206416.dir/CheckSymbolExists.c.o   -c /home/ari/development/ELEN2004/ELEN2004_project_2014/gtest-1.7.0/CMakeFiles/CMakeTmp/CheckSymbolExists.c
Linking C executable cmTryCompileExec2515206416
/usr/bin/cmake -E cmake_link_script CMakeFiles/cmTryCompileExec2515206416.dir/link.txt --verbose=1
/usr/bin/cc         CMakeFiles/cmTryCompileExec2515206416.dir/CheckSymbolExists.c.o  -o cmTryCompileExec2515206416 -rdynamic 
CMakeFiles/cmTryCompileExec2515206416.dir/CheckSymbolExists.c.o: In function `main':
CheckSymbolExists.c:(.text+0x16): undefined reference to `pthread_create'
collect2: error: ld returned 1 exit status
make[1]: *** [cmTryCompileExec2515206416] Error 1
make[1]: Leaving directory `/home/ari/development/ELEN2004/ELEN2004_project_2014/gtest-1.7.0/CMakeFiles/CMakeTmp'
make: *** [cmTryCompileExec2515206416/fast] Error 2

File /home/ari/development/ELEN2004/ELEN2004_project_2014/gtest-1.7.0/CMakeFiles/CMakeTmp/CheckSymbolExists.c:
/* */
#include <pthread.h>

int main(int argc, char** argv)
{
  (void)argv;
#ifndef pthread_create
  return ((int*)(&pthread_create))[argc];
#else
  (void)argc;
  return 0;
#endif
}

Determining if the function pthread_create exists in the pthreads failed with the following output:
Change Dir: /home/ari/development/ELEN2004/ELEN2004_project_2014/gtest-1.7.0/CMakeFiles/CMakeTmp

Run Build Command:/usr/bin/make "cmTryCompileExec727550000/fast"
/usr/bin/make -f CMakeFiles/cmTryCompileExec727550000.dir/build.make CMakeFiles/cmTryCompileExec727550000.dir/build
make[1]: Entering directory `/home/ari/development/ELEN2004/ELEN2004_project_2014/gtest-1.7.0/CMakeFiles/CMakeTmp'
/usr/bin/cmake -E cmake_progress_report /home/ari/development/ELEN2004/ELEN2004_project_2014/gtest-1.7.0/CMakeFiles/CMakeTmp/CMakeFiles 1
Building C object CMakeFiles/cmTryCompileExec727550000.dir/CheckFunctionExists.c.o
/usr/bin/cc   -DCHECK_FUNCTION_EXISTS=pthread_create   -o CMakeFiles/cmTryCompileExec727550000.dir/CheckFunctionExists.c.o   -c /usr/share/cmake-2.8/Modules/CheckFunctionExists.c
Linking C executable cmTryCompileExec727550000
/usr/bin/cmake -E cmake_link_script CMakeFiles/cmTryCompileExec727550000.dir/link.txt --verbose=1
/usr/bin/cc     -DCHECK_FUNCTION_EXISTS=pthread_create    CMakeFiles/cmTryCompileExec727550000.dir/CheckFunctionExists.c.o  -o cmTryCompileExec727550000 -rdynamic -lpthreads 
/usr/bin/ld: cannot find -lpthreads
collect2: error: ld returned 1 exit status
make[1]: *** [cmTryCompileExec727550000] Error 1
make[1]: Leaving directory `/home/ari/development/ELEN2004/ELEN2004_project_2014/gtest-1.7.0/CMakeFiles/CMakeTmp'
make: *** [cmTryCompileExec727550000/fast] Error 2


